[debug] [2024-01-24T14:42:07.364Z] ----------------------------------------------------------------------
[debug] [2024-01-24T14:42:07.368Z] Command:       C:\Program Files\nodejs\node.exe C:\Users\kih\AppData\Roaming\npm\node_modules\firebase-tools\lib\bin\firebase.js init
[debug] [2024-01-24T14:42:07.368Z] CLI Version:   13.0.3
[debug] [2024-01-24T14:42:07.369Z] Platform:      win32
[debug] [2024-01-24T14:42:07.369Z] Node Version:  v18.17.1
[debug] [2024-01-24T14:42:07.380Z] Time:          Wed Jan 24 2024 14:42:07 GMT+0000 (Greenwich Mean Time)
[debug] [2024-01-24T14:42:07.381Z] ----------------------------------------------------------------------
[debug] 
[debug] [2024-01-24T14:42:07.502Z] > command requires scopes: ["email","openid","https://www.googleapis.com/auth/cloudplatformprojects.readonly","https://www.googleapis.com/auth/firebase","https://www.googleapis.com/auth/cloud-platform"]
[debug] [2024-01-24T14:42:07.503Z] > authorizing via signed-in user (wronski.arthur@gmail.com)
[info] 
     ######## #### ########  ######## ########     ###     ######  ########
     ##        ##  ##     ## ##       ##     ##  ##   ##  ##       ##
     ######    ##  ########  ######   ########  #########  ######  ######
     ##        ##  ##    ##  ##       ##     ## ##     ##       ## ##
     ##       #### ##     ## ######## ########  ##     ##  ######  ########

You're about to initialize a Firebase project in this directory:

  C:\Users\kih\Documents\Projects\FireBaseTest\frontend

Before we get started, keep in mind:

  * You are initializing within an existing Firebase project directory

